This file contains any messages produced by compilers while
running configure, to aid debugging if configure makes a mistake.

It was created by buxton configure 2, which was
generated by GNU Autoconf 2.69.  Invocation command line was

  $ ./configure --enable-debug

## --------- ##
## Platform. ##
## --------- ##

hostname = michelle-300E5E-300E4E-300E5V-300E4V
uname -m = x86_64
uname -r = 3.13.0-29-generic
uname -s = Linux
uname -v = #53-Ubuntu SMP Wed Jun 4 21:00:20 UTC 2014

/usr/bin/uname -p = unknown
/bin/uname -X     = unknown

/bin/arch              = unknown
/usr/bin/arch -k       = unknown
/usr/convex/getsysinfo = unknown
/usr/bin/hostinfo      = unknown
/bin/machine           = unknown
/usr/bin/oslevel       = unknown
/bin/universe          = unknown

PATH: /home/michelle/bin
PATH: /usr/local/sbin
PATH: /usr/local/bin
PATH: /usr/sbin
PATH: /usr/bin
PATH: /sbin
PATH: /bin
PATH: /usr/games
PATH: /usr/local/games
PATH: /home/michelle/bin
PATH: /usr/local/java/jdk1.8.0_05/bin
PATH: /home/michelle/bin
PATH: /usr/local/java/jdk1.8.0_05/jre/bin


## ----------- ##
## Core tests. ##
## ----------- ##

configure:2532: checking for a BSD-compatible install
configure:2600: result: /usr/bin/install -c
configure:2611: checking whether build environment is sane
configure:2666: result: yes
configure:2817: checking for a thread-safe mkdir -p
configure:2856: result: /bin/mkdir -p
configure:2863: checking for gawk
configure:2893: result: no
configure:2863: checking for mawk
configure:2879: found /usr/bin/mawk
configure:2890: result: mawk
configure:2901: checking whether make sets $(MAKE)
configure:2923: result: yes
configure:2952: checking whether make supports nested variables
configure:2969: result: yes
configure:3132: checking build system type
configure:3146: result: x86_64-unknown-linux-gnu
configure:3166: checking host system type
configure:3179: result: x86_64-unknown-linux-gnu
configure:3220: checking how to print strings
configure:3247: result: printf
configure:3280: checking for style of include used by make
configure:3308: result: GNU
configure:3379: checking for gcc
configure:3395: found /usr/bin/gcc
configure:3406: result: gcc
configure:3635: checking for C compiler version
configure:3644: gcc --version >&5
gcc (Ubuntu 4.8.2-19ubuntu1) 4.8.2
Copyright (C) 2013 Free Software Foundation, Inc.
This is free software; see the source for copying conditions.  There is NO
warranty; not even for MERCHANTABILITY or FITNESS FOR A PARTICULAR PURPOSE.

configure:3655: $? = 0
configure:3644: gcc -v >&5
Using built-in specs.
COLLECT_GCC=gcc
COLLECT_LTO_WRAPPER=/usr/lib/gcc/x86_64-linux-gnu/4.8/lto-wrapper
Target: x86_64-linux-gnu
Configured with: ../src/configure -v --with-pkgversion='Ubuntu 4.8.2-19ubuntu1' --with-bugurl=file:///usr/share/doc/gcc-4.8/README.Bugs --enable-languages=c,c++,java,go,d,fortran,objc,obj-c++ --prefix=/usr --program-suffix=-4.8 --enable-shared --enable-linker-build-id --libexecdir=/usr/lib --without-included-gettext --enable-threads=posix --with-gxx-include-dir=/usr/include/c++/4.8 --libdir=/usr/lib --enable-nls --with-sysroot=/ --enable-clocale=gnu --enable-libstdcxx-debug --enable-libstdcxx-time=yes --enable-gnu-unique-object --disable-libmudflap --enable-plugin --with-system-zlib --disable-browser-plugin --enable-java-awt=gtk --enable-gtk-cairo --with-java-home=/usr/lib/jvm/java-1.5.0-gcj-4.8-amd64/jre --enable-java-home --with-jvm-root-dir=/usr/lib/jvm/java-1.5.0-gcj-4.8-amd64 --with-jvm-jar-dir=/usr/lib/jvm-exports/java-1.5.0-gcj-4.8-amd64 --with-arch-directory=amd64 --with-ecj-jar=/usr/share/java/eclipse-ecj.jar --enable-objc-gc --enable-multiarch --disable-werror --with-arch-32=i686 --with-abi=m64 --with-multilib-list=m32,m64,mx32 --with-tune=generic --enable-checking=release --build=x86_64-linux-gnu --host=x86_64-linux-gnu --target=x86_64-linux-gnu
Thread model: posix
gcc version 4.8.2 (Ubuntu 4.8.2-19ubuntu1) 
configure:3655: $? = 0
configure:3644: gcc -V >&5
gcc: error: unrecognized command line option '-V'
gcc: fatal error: no input files
compilation terminated.
configure:3655: $? = 4
configure:3644: gcc -qversion >&5
gcc: error: unrecognized command line option '-qversion'
gcc: fatal error: no input files
compilation terminated.
configure:3655: $? = 4
configure:3675: checking whether the C compiler works
configure:3697: gcc    conftest.c  >&5
configure:3701: $? = 0
configure:3749: result: yes
configure:3752: checking for C compiler default output file name
configure:3754: result: a.out
configure:3760: checking for suffix of executables
configure:3767: gcc -o conftest    conftest.c  >&5
configure:3771: $? = 0
configure:3793: result: 
configure:3815: checking whether we are cross compiling
configure:3823: gcc -o conftest    conftest.c  >&5
configure:3827: $? = 0
configure:3834: ./conftest
configure:3838: $? = 0
configure:3853: result: no
configure:3858: checking for suffix of object files
configure:3880: gcc -c   conftest.c >&5
configure:3884: $? = 0
configure:3905: result: o
configure:3909: checking whether we are using the GNU C compiler
configure:3928: gcc -c   conftest.c >&5
configure:3928: $? = 0
configure:3937: result: yes
configure:3946: checking whether gcc accepts -g
configure:3966: gcc -c -g  conftest.c >&5
configure:3966: $? = 0
configure:4007: result: yes
configure:4024: checking for gcc option to accept ISO C89
configure:4087: gcc  -c -g -O2  conftest.c >&5
configure:4087: $? = 0
configure:4100: result: none needed
configure:4125: checking whether gcc understands -c and -o together
configure:4147: gcc -c conftest.c -o conftest2.o
configure:4150: $? = 0
configure:4147: gcc -c conftest.c -o conftest2.o
configure:4150: $? = 0
configure:4162: result: yes
configure:4181: checking dependency style of gcc
configure:4292: result: gcc3
configure:4307: checking for a sed that does not truncate output
configure:4371: result: /bin/sed
configure:4389: checking for grep that handles long lines and -e
configure:4447: result: /bin/grep
configure:4452: checking for egrep
configure:4514: result: /bin/grep -E
configure:4519: checking for fgrep
configure:4581: result: /bin/grep -F
configure:4616: checking for ld used by gcc
configure:4683: result: /usr/bin/ld
configure:4690: checking if the linker (/usr/bin/ld) is GNU ld
configure:4705: result: yes
configure:4717: checking for BSD- or MS-compatible name lister (nm)
configure:4766: result: /usr/bin/nm -B
configure:4896: checking the name lister (/usr/bin/nm -B) interface
configure:4903: gcc -c -g -O2  conftest.c >&5
configure:4906: /usr/bin/nm -B "conftest.o"
configure:4909: output
0000000000000000 B some_variable
configure:4916: result: BSD nm
configure:4919: checking whether ln -s works
configure:4923: result: yes
configure:4931: checking the maximum length of command line arguments
configure:5062: result: 1572864
configure:5079: checking whether the shell understands some XSI constructs
configure:5089: result: yes
configure:5093: checking whether the shell understands "+="
configure:5099: result: yes
configure:5134: checking how to convert x86_64-unknown-linux-gnu file names to x86_64-unknown-linux-gnu format
configure:5174: result: func_convert_file_noop
configure:5181: checking how to convert x86_64-unknown-linux-gnu file names to toolchain format
configure:5201: result: func_convert_file_noop
configure:5208: checking for /usr/bin/ld option to reload object files
configure:5215: result: -r
configure:5289: checking for objdump
configure:5305: found /usr/bin/objdump
configure:5316: result: objdump
configure:5348: checking how to recognize dependent libraries
configure:5546: result: pass_all
configure:5631: checking for dlltool
configure:5661: result: no
configure:5691: checking how to associate runtime and link libraries
configure:5718: result: printf %s\n
configure:5779: checking for ar
configure:5795: found /usr/bin/ar
configure:5806: result: ar
configure:5843: checking for archiver @FILE support
configure:5860: gcc -c -g -O2  conftest.c >&5
configure:5860: $? = 0
configure:5863: ar cru libconftest.a @conftest.lst >&5
configure:5866: $? = 0
configure:5871: ar cru libconftest.a @conftest.lst >&5
ar: conftest.o: No such file or directory
configure:5874: $? = 1
configure:5886: result: @
configure:5944: checking for strip
configure:5960: found /usr/bin/strip
configure:5971: result: strip
configure:6043: checking for ranlib
configure:6059: found /usr/bin/ranlib
configure:6070: result: ranlib
configure:6172: checking command to parse /usr/bin/nm -B output from gcc object
configure:6292: gcc -c -g -O2  conftest.c >&5
configure:6295: $? = 0
configure:6299: /usr/bin/nm -B conftest.o \| sed -n -e 's/^.*[ ]\([ABCDGIRSTW][ABCDGIRSTW]*\)[ ][ ]*\([_A-Za-z][_A-Za-z0-9]*\)$/\1 \2 \2/p' | sed '/ __gnu_lto/d' \> conftest.nm
configure:6302: $? = 0
configure:6368: gcc -o conftest -g -O2   conftest.c conftstm.o >&5
configure:6371: $? = 0
configure:6409: result: ok
configure:6446: checking for sysroot
configure:6476: result: no
configure:6553: gcc -c -g -O2  conftest.c >&5
configure:6556: $? = 0
configure:6745: checking for mt
configure:6761: found /bin/mt
configure:6772: result: mt
configure:6795: checking if mt is a manifest tool
configure:6801: mt '-?'
configure:6809: result: no
configure:7451: checking how to run the C preprocessor
configure:7482: gcc -E  conftest.c
configure:7482: $? = 0
configure:7496: gcc -E  conftest.c
conftest.c:11:28: fatal error: ac_nonexistent.h: No such file or directory
 #include <ac_nonexistent.h>
                            ^
compilation terminated.
configure:7496: $? = 1
configure: failed program was:
| /* confdefs.h */
| #define PACKAGE_NAME "buxton"
| #define PACKAGE_TARNAME "buxton"
| #define PACKAGE_VERSION "2"
| #define PACKAGE_STRING "buxton 2"
| #define PACKAGE_BUGREPORT "william.douglas@intel.com"
| #define PACKAGE_URL "https://github.com/sofar/buxton"
| #define PACKAGE "buxton"
| #define VERSION "2"
| /* end confdefs.h.  */
| #include <ac_nonexistent.h>
configure:7521: result: gcc -E
configure:7541: gcc -E  conftest.c
configure:7541: $? = 0
configure:7555: gcc -E  conftest.c
conftest.c:11:28: fatal error: ac_nonexistent.h: No such file or directory
 #include <ac_nonexistent.h>
                            ^
compilation terminated.
configure:7555: $? = 1
configure: failed program was:
| /* confdefs.h */
| #define PACKAGE_NAME "buxton"
| #define PACKAGE_TARNAME "buxton"
| #define PACKAGE_VERSION "2"
| #define PACKAGE_STRING "buxton 2"
| #define PACKAGE_BUGREPORT "william.douglas@intel.com"
| #define PACKAGE_URL "https://github.com/sofar/buxton"
| #define PACKAGE "buxton"
| #define VERSION "2"
| /* end confdefs.h.  */
| #include <ac_nonexistent.h>
configure:7584: checking for ANSI C header files
configure:7604: gcc -c -g -O2  conftest.c >&5
configure:7604: $? = 0
configure:7677: gcc -o conftest -g -O2   conftest.c  >&5
configure:7677: $? = 0
configure:7677: ./conftest
configure:7677: $? = 0
configure:7688: result: yes
configure:7701: checking for sys/types.h
configure:7701: gcc -c -g -O2  conftest.c >&5
configure:7701: $? = 0
configure:7701: result: yes
configure:7701: checking for sys/stat.h
configure:7701: gcc -c -g -O2  conftest.c >&5
configure:7701: $? = 0
configure:7701: result: yes
configure:7701: checking for stdlib.h
configure:7701: gcc -c -g -O2  conftest.c >&5
configure:7701: $? = 0
configure:7701: result: yes
configure:7701: checking for string.h
configure:7701: gcc -c -g -O2  conftest.c >&5
configure:7701: $? = 0
configure:7701: result: yes
configure:7701: checking for memory.h
configure:7701: gcc -c -g -O2  conftest.c >&5
configure:7701: $? = 0
configure:7701: result: yes
configure:7701: checking for strings.h
configure:7701: gcc -c -g -O2  conftest.c >&5
configure:7701: $? = 0
configure:7701: result: yes
configure:7701: checking for inttypes.h
configure:7701: gcc -c -g -O2  conftest.c >&5
configure:7701: $? = 0
configure:7701: result: yes
configure:7701: checking for stdint.h
configure:7701: gcc -c -g -O2  conftest.c >&5
configure:7701: $? = 0
configure:7701: result: yes
configure:7701: checking for unistd.h
configure:7701: gcc -c -g -O2  conftest.c >&5
configure:7701: $? = 0
configure:7701: result: yes
configure:7715: checking for dlfcn.h
configure:7715: gcc -c -g -O2  conftest.c >&5
configure:7715: $? = 0
configure:7715: result: yes
configure:7920: checking for objdir
configure:7935: result: .libs
configure:8206: checking if gcc supports -fno-rtti -fno-exceptions
configure:8224: gcc -c -g -O2  -fno-rtti -fno-exceptions conftest.c >&5
cc1: warning: command line option '-fno-rtti' is valid for C++/ObjC++ but not for C [enabled by default]
configure:8228: $? = 0
configure:8241: result: no
configure:8568: checking for gcc option to produce PIC
configure:8575: result: -fPIC -DPIC
configure:8583: checking if gcc PIC flag -fPIC -DPIC works
configure:8601: gcc -c -g -O2  -fPIC -DPIC -DPIC conftest.c >&5
configure:8605: $? = 0
configure:8618: result: yes
configure:8647: checking if gcc static flag -static works
configure:8675: result: yes
configure:8690: checking if gcc supports -c -o file.o
configure:8711: gcc -c -g -O2  -o out/conftest2.o conftest.c >&5
configure:8715: $? = 0
configure:8737: result: yes
configure:8745: checking if gcc supports -c -o file.o
configure:8792: result: yes
configure:8825: checking whether the gcc linker (/usr/bin/ld -m elf_x86_64) supports shared libraries
configure:9982: result: yes
configure:10019: checking whether -lc should be explicitly linked in
configure:10027: gcc -c -g -O2  conftest.c >&5
configure:10030: $? = 0
configure:10045: gcc -shared  -fPIC -DPIC conftest.o  -v -Wl,-soname -Wl,conftest -o conftest 2\>\&1 \| /bin/grep  -lc  \>/dev/null 2\>\&1
configure:10048: $? = 0
configure:10062: result: no
configure:10222: checking dynamic linker characteristics
configure:10722: gcc -o conftest -g -O2   -Wl,-rpath -Wl,/foo conftest.c  >&5
configure:10722: $? = 0
configure:10956: result: GNU/Linux ld.so
configure:11063: checking how to hardcode library paths into programs
configure:11088: result: immediate
configure:11628: checking whether stripping libraries is possible
configure:11633: result: yes
configure:11668: checking if libtool supports shared libraries
configure:11670: result: yes
configure:11673: checking whether to build shared libraries
configure:11694: result: yes
configure:11697: checking whether to build static libraries
configure:11701: result: no
configure:11788: checking for gcc
configure:11815: result: gcc
configure:12044: checking for C compiler version
configure:12053: gcc --version >&5
gcc (Ubuntu 4.8.2-19ubuntu1) 4.8.2
Copyright (C) 2013 Free Software Foundation, Inc.
This is free software; see the source for copying conditions.  There is NO
warranty; not even for MERCHANTABILITY or FITNESS FOR A PARTICULAR PURPOSE.

configure:12064: $? = 0
configure:12053: gcc -v >&5
Using built-in specs.
COLLECT_GCC=gcc
COLLECT_LTO_WRAPPER=/usr/lib/gcc/x86_64-linux-gnu/4.8/lto-wrapper
Target: x86_64-linux-gnu
Configured with: ../src/configure -v --with-pkgversion='Ubuntu 4.8.2-19ubuntu1' --with-bugurl=file:///usr/share/doc/gcc-4.8/README.Bugs --enable-languages=c,c++,java,go,d,fortran,objc,obj-c++ --prefix=/usr --program-suffix=-4.8 --enable-shared --enable-linker-build-id --libexecdir=/usr/lib --without-included-gettext --enable-threads=posix --with-gxx-include-dir=/usr/include/c++/4.8 --libdir=/usr/lib --enable-nls --with-sysroot=/ --enable-clocale=gnu --enable-libstdcxx-debug --enable-libstdcxx-time=yes --enable-gnu-unique-object --disable-libmudflap --enable-plugin --with-system-zlib --disable-browser-plugin --enable-java-awt=gtk --enable-gtk-cairo --with-java-home=/usr/lib/jvm/java-1.5.0-gcj-4.8-amd64/jre --enable-java-home --with-jvm-root-dir=/usr/lib/jvm/java-1.5.0-gcj-4.8-amd64 --with-jvm-jar-dir=/usr/lib/jvm-exports/java-1.5.0-gcj-4.8-amd64 --with-arch-directory=amd64 --with-ecj-jar=/usr/share/java/eclipse-ecj.jar --enable-objc-gc --enable-multiarch --disable-werror --with-arch-32=i686 --with-abi=m64 --with-multilib-list=m32,m64,mx32 --with-tune=generic --enable-checking=release --build=x86_64-linux-gnu --host=x86_64-linux-gnu --target=x86_64-linux-gnu
Thread model: posix
gcc version 4.8.2 (Ubuntu 4.8.2-19ubuntu1) 
configure:12064: $? = 0
configure:12053: gcc -V >&5
gcc: error: unrecognized command line option '-V'
gcc: fatal error: no input files
compilation terminated.
configure:12064: $? = 4
configure:12053: gcc -qversion >&5
gcc: error: unrecognized command line option '-qversion'
gcc: fatal error: no input files
compilation terminated.
configure:12064: $? = 4
configure:12068: checking whether we are using the GNU C compiler
configure:12096: result: yes
configure:12105: checking whether gcc accepts -g
configure:12166: result: yes
configure:12183: checking for gcc option to accept ISO C89
configure:12259: result: none needed
configure:12284: checking whether gcc understands -c and -o together
configure:12321: result: yes
configure:12340: checking dependency style of gcc
configure:12451: result: gcc3
configure:12471: checking for dlopen in -ldl
configure:12496: gcc -o conftest -g -O2   conftest.c -ldl   >&5
configure:12496: $? = 0
configure:12505: result: yes
configure:12516: checking for gdbm_open in -lgdbm
configure:12541: gcc -o conftest -g -O2   conftest.c -lgdbm  -ldl  >&5
configure:12541: $? = 0
configure:12550: result: yes
configure:12561: checking for clock_gettime in -lrt
configure:12586: gcc -o conftest -g -O2   conftest.c -lrt  -lgdbm -ldl  >&5
configure:12586: $? = 0
configure:12595: result: yes
configure:12606: checking for sqrt in -lm
configure:12631: gcc -o conftest -g -O2   conftest.c -lm  -lrt -lgdbm -ldl  >&5
conftest.c:33:6: warning: conflicting types for built-in function 'sqrt' [enabled by default]
 char sqrt ();
      ^
configure:12631: $? = 0
configure:12640: result: yes
configure:12653: checking for inline
configure:12669: gcc -c -g -O2  conftest.c >&5
configure:12669: $? = 0
configure:12677: result: inline
configure:12695: checking for int32_t
configure:12695: gcc -c -g -O2  conftest.c >&5
configure:12695: $? = 0
configure:12695: gcc -c -g -O2  conftest.c >&5
conftest.c: In function 'main':
conftest.c:65:53: warning: integer overflow in expression [-Woverflow]
    < (int32_t) (((((int32_t) 1 << N) << N) - 1) * 2 + 2))];
                                                     ^
conftest.c:64:12: error: storage size of 'test_array' isn't constant
 static int test_array [1 - 2 * !((int32_t) (((((int32_t) 1 << N) << N) - 1) * 2 + 1)
            ^
configure:12695: $? = 1
configure: failed program was:
| /* confdefs.h */
| #define PACKAGE_NAME "buxton"
| #define PACKAGE_TARNAME "buxton"
| #define PACKAGE_VERSION "2"
| #define PACKAGE_STRING "buxton 2"
| #define PACKAGE_BUGREPORT "william.douglas@intel.com"
| #define PACKAGE_URL "https://github.com/sofar/buxton"
| #define PACKAGE "buxton"
| #define VERSION "2"
| #define STDC_HEADERS 1
| #define HAVE_SYS_TYPES_H 1
| #define HAVE_SYS_STAT_H 1
| #define HAVE_STDLIB_H 1
| #define HAVE_STRING_H 1
| #define HAVE_MEMORY_H 1
| #define HAVE_STRINGS_H 1
| #define HAVE_INTTYPES_H 1
| #define HAVE_STDINT_H 1
| #define HAVE_UNISTD_H 1
| #define HAVE_DLFCN_H 1
| #define LT_OBJDIR ".libs/"
| #define HAVE_LIBDL 1
| #define HAVE_LIBGDBM 1
| #define HAVE_LIBRT 1
| #define HAVE_LIBM 1
| /* end confdefs.h.  */
| #include <stdio.h>
| #ifdef HAVE_SYS_TYPES_H
| # include <sys/types.h>
| #endif
| #ifdef HAVE_SYS_STAT_H
| # include <sys/stat.h>
| #endif
| #ifdef STDC_HEADERS
| # include <stdlib.h>
| # include <stddef.h>
| #else
| # ifdef HAVE_STDLIB_H
| #  include <stdlib.h>
| # endif
| #endif
| #ifdef HAVE_STRING_H
| # if !defined STDC_HEADERS && defined HAVE_MEMORY_H
| #  include <memory.h>
| # endif
| # include <string.h>
| #endif
| #ifdef HAVE_STRINGS_H
| # include <strings.h>
| #endif
| #ifdef HAVE_INTTYPES_H
| # include <inttypes.h>
| #endif
| #ifdef HAVE_STDINT_H
| # include <stdint.h>
| #endif
| #ifdef HAVE_UNISTD_H
| # include <unistd.h>
| #endif
| 	        enum { N = 32 / 2 - 1 };
| int
| main ()
| {
| static int test_array [1 - 2 * !((int32_t) (((((int32_t) 1 << N) << N) - 1) * 2 + 1)
| 		 < (int32_t) (((((int32_t) 1 << N) << N) - 1) * 2 + 2))];
| test_array [0] = 0;
| return test_array [0];
| 
|   ;
|   return 0;
| }
configure:12695: result: yes
configure:12706: checking for int64_t
configure:12706: gcc -c -g -O2  conftest.c >&5
configure:12706: $? = 0
configure:12706: gcc -c -g -O2  conftest.c >&5
conftest.c: In function 'main':
conftest.c:65:53: warning: integer overflow in expression [-Woverflow]
    < (int64_t) (((((int64_t) 1 << N) << N) - 1) * 2 + 2))];
                                                     ^
conftest.c:64:12: error: storage size of 'test_array' isn't constant
 static int test_array [1 - 2 * !((int64_t) (((((int64_t) 1 << N) << N) - 1) * 2 + 1)
            ^
configure:12706: $? = 1
configure: failed program was:
| /* confdefs.h */
| #define PACKAGE_NAME "buxton"
| #define PACKAGE_TARNAME "buxton"
| #define PACKAGE_VERSION "2"
| #define PACKAGE_STRING "buxton 2"
| #define PACKAGE_BUGREPORT "william.douglas@intel.com"
| #define PACKAGE_URL "https://github.com/sofar/buxton"
| #define PACKAGE "buxton"
| #define VERSION "2"
| #define STDC_HEADERS 1
| #define HAVE_SYS_TYPES_H 1
| #define HAVE_SYS_STAT_H 1
| #define HAVE_STDLIB_H 1
| #define HAVE_STRING_H 1
| #define HAVE_MEMORY_H 1
| #define HAVE_STRINGS_H 1
| #define HAVE_INTTYPES_H 1
| #define HAVE_STDINT_H 1
| #define HAVE_UNISTD_H 1
| #define HAVE_DLFCN_H 1
| #define LT_OBJDIR ".libs/"
| #define HAVE_LIBDL 1
| #define HAVE_LIBGDBM 1
| #define HAVE_LIBRT 1
| #define HAVE_LIBM 1
| /* end confdefs.h.  */
| #include <stdio.h>
| #ifdef HAVE_SYS_TYPES_H
| # include <sys/types.h>
| #endif
| #ifdef HAVE_SYS_STAT_H
| # include <sys/stat.h>
| #endif
| #ifdef STDC_HEADERS
| # include <stdlib.h>
| # include <stddef.h>
| #else
| # ifdef HAVE_STDLIB_H
| #  include <stdlib.h>
| # endif
| #endif
| #ifdef HAVE_STRING_H
| # if !defined STDC_HEADERS && defined HAVE_MEMORY_H
| #  include <memory.h>
| # endif
| # include <string.h>
| #endif
| #ifdef HAVE_STRINGS_H
| # include <strings.h>
| #endif
| #ifdef HAVE_INTTYPES_H
| # include <inttypes.h>
| #endif
| #ifdef HAVE_STDINT_H
| # include <stdint.h>
| #endif
| #ifdef HAVE_UNISTD_H
| # include <unistd.h>
| #endif
| 	        enum { N = 64 / 2 - 1 };
| int
| main ()
| {
| static int test_array [1 - 2 * !((int64_t) (((((int64_t) 1 << N) << N) - 1) * 2 + 1)
| 		 < (int64_t) (((((int64_t) 1 << N) << N) - 1) * 2 + 2))];
| test_array [0] = 0;
| return test_array [0];
| 
|   ;
|   return 0;
| }
configure:12706: result: yes
configure:12717: checking for pid_t
configure:12717: gcc -c -g -O2  conftest.c >&5
configure:12717: $? = 0
configure:12717: gcc -c -g -O2  conftest.c >&5
conftest.c: In function 'main':
conftest.c:63:20: error: expected expression before ')' token
 if (sizeof ((pid_t)))
                    ^
configure:12717: $? = 1
configure: failed program was:
| /* confdefs.h */
| #define PACKAGE_NAME "buxton"
| #define PACKAGE_TARNAME "buxton"
| #define PACKAGE_VERSION "2"
| #define PACKAGE_STRING "buxton 2"
| #define PACKAGE_BUGREPORT "william.douglas@intel.com"
| #define PACKAGE_URL "https://github.com/sofar/buxton"
| #define PACKAGE "buxton"
| #define VERSION "2"
| #define STDC_HEADERS 1
| #define HAVE_SYS_TYPES_H 1
| #define HAVE_SYS_STAT_H 1
| #define HAVE_STDLIB_H 1
| #define HAVE_STRING_H 1
| #define HAVE_MEMORY_H 1
| #define HAVE_STRINGS_H 1
| #define HAVE_INTTYPES_H 1
| #define HAVE_STDINT_H 1
| #define HAVE_UNISTD_H 1
| #define HAVE_DLFCN_H 1
| #define LT_OBJDIR ".libs/"
| #define HAVE_LIBDL 1
| #define HAVE_LIBGDBM 1
| #define HAVE_LIBRT 1
| #define HAVE_LIBM 1
| /* end confdefs.h.  */
| #include <stdio.h>
| #ifdef HAVE_SYS_TYPES_H
| # include <sys/types.h>
| #endif
| #ifdef HAVE_SYS_STAT_H
| # include <sys/stat.h>
| #endif
| #ifdef STDC_HEADERS
| # include <stdlib.h>
| # include <stddef.h>
| #else
| # ifdef HAVE_STDLIB_H
| #  include <stdlib.h>
| # endif
| #endif
| #ifdef HAVE_STRING_H
| # if !defined STDC_HEADERS && defined HAVE_MEMORY_H
| #  include <memory.h>
| # endif
| # include <string.h>
| #endif
| #ifdef HAVE_STRINGS_H
| # include <strings.h>
| #endif
| #ifdef HAVE_INTTYPES_H
| # include <inttypes.h>
| #endif
| #ifdef HAVE_STDINT_H
| # include <stdint.h>
| #endif
| #ifdef HAVE_UNISTD_H
| # include <unistd.h>
| #endif
| int
| main ()
| {
| if (sizeof ((pid_t)))
| 	    return 0;
|   ;
|   return 0;
| }
configure:12717: result: yes
configure:12728: checking for size_t
configure:12728: gcc -c -g -O2  conftest.c >&5
configure:12728: $? = 0
configure:12728: gcc -c -g -O2  conftest.c >&5
conftest.c: In function 'main':
conftest.c:63:21: error: expected expression before ')' token
 if (sizeof ((size_t)))
                     ^
configure:12728: $? = 1
configure: failed program was:
| /* confdefs.h */
| #define PACKAGE_NAME "buxton"
| #define PACKAGE_TARNAME "buxton"
| #define PACKAGE_VERSION "2"
| #define PACKAGE_STRING "buxton 2"
| #define PACKAGE_BUGREPORT "william.douglas@intel.com"
| #define PACKAGE_URL "https://github.com/sofar/buxton"
| #define PACKAGE "buxton"
| #define VERSION "2"
| #define STDC_HEADERS 1
| #define HAVE_SYS_TYPES_H 1
| #define HAVE_SYS_STAT_H 1
| #define HAVE_STDLIB_H 1
| #define HAVE_STRING_H 1
| #define HAVE_MEMORY_H 1
| #define HAVE_STRINGS_H 1
| #define HAVE_INTTYPES_H 1
| #define HAVE_STDINT_H 1
| #define HAVE_UNISTD_H 1
| #define HAVE_DLFCN_H 1
| #define LT_OBJDIR ".libs/"
| #define HAVE_LIBDL 1
| #define HAVE_LIBGDBM 1
| #define HAVE_LIBRT 1
| #define HAVE_LIBM 1
| /* end confdefs.h.  */
| #include <stdio.h>
| #ifdef HAVE_SYS_TYPES_H
| # include <sys/types.h>
| #endif
| #ifdef HAVE_SYS_STAT_H
| # include <sys/stat.h>
| #endif
| #ifdef STDC_HEADERS
| # include <stdlib.h>
| # include <stddef.h>
| #else
| # ifdef HAVE_STDLIB_H
| #  include <stdlib.h>
| # endif
| #endif
| #ifdef HAVE_STRING_H
| # if !defined STDC_HEADERS && defined HAVE_MEMORY_H
| #  include <memory.h>
| # endif
| # include <string.h>
| #endif
| #ifdef HAVE_STRINGS_H
| # include <strings.h>
| #endif
| #ifdef HAVE_INTTYPES_H
| # include <inttypes.h>
| #endif
| #ifdef HAVE_STDINT_H
| # include <stdint.h>
| #endif
| #ifdef HAVE_UNISTD_H
| # include <unistd.h>
| #endif
| int
| main ()
| {
| if (sizeof ((size_t)))
| 	    return 0;
|   ;
|   return 0;
| }
configure:12728: result: yes
configure:12739: checking for ssize_t
configure:12739: gcc -c -g -O2  conftest.c >&5
configure:12739: $? = 0
configure:12739: gcc -c -g -O2  conftest.c >&5
conftest.c: In function 'main':
conftest.c:63:22: error: expected expression before ')' token
 if (sizeof ((ssize_t)))
                      ^
configure:12739: $? = 1
configure: failed program was:
| /* confdefs.h */
| #define PACKAGE_NAME "buxton"
| #define PACKAGE_TARNAME "buxton"
| #define PACKAGE_VERSION "2"
| #define PACKAGE_STRING "buxton 2"
| #define PACKAGE_BUGREPORT "william.douglas@intel.com"
| #define PACKAGE_URL "https://github.com/sofar/buxton"
| #define PACKAGE "buxton"
| #define VERSION "2"
| #define STDC_HEADERS 1
| #define HAVE_SYS_TYPES_H 1
| #define HAVE_SYS_STAT_H 1
| #define HAVE_STDLIB_H 1
| #define HAVE_STRING_H 1
| #define HAVE_MEMORY_H 1
| #define HAVE_STRINGS_H 1
| #define HAVE_INTTYPES_H 1
| #define HAVE_STDINT_H 1
| #define HAVE_UNISTD_H 1
| #define HAVE_DLFCN_H 1
| #define LT_OBJDIR ".libs/"
| #define HAVE_LIBDL 1
| #define HAVE_LIBGDBM 1
| #define HAVE_LIBRT 1
| #define HAVE_LIBM 1
| /* end confdefs.h.  */
| #include <stdio.h>
| #ifdef HAVE_SYS_TYPES_H
| # include <sys/types.h>
| #endif
| #ifdef HAVE_SYS_STAT_H
| # include <sys/stat.h>
| #endif
| #ifdef STDC_HEADERS
| # include <stdlib.h>
| # include <stddef.h>
| #else
| # ifdef HAVE_STDLIB_H
| #  include <stdlib.h>
| # endif
| #endif
| #ifdef HAVE_STRING_H
| # if !defined STDC_HEADERS && defined HAVE_MEMORY_H
| #  include <memory.h>
| # endif
| # include <string.h>
| #endif
| #ifdef HAVE_STRINGS_H
| # include <strings.h>
| #endif
| #ifdef HAVE_INTTYPES_H
| # include <inttypes.h>
| #endif
| #ifdef HAVE_STDINT_H
| # include <stdint.h>
| #endif
| #ifdef HAVE_UNISTD_H
| # include <unistd.h>
| #endif
| int
| main ()
| {
| if (sizeof ((ssize_t)))
| 	    return 0;
|   ;
|   return 0;
| }
configure:12739: result: yes
configure:12750: checking for uid_t in sys/types.h
configure:12769: result: yes
configure:12780: checking for uint16_t
configure:12780: gcc -c -g -O2  conftest.c >&5
configure:12780: $? = 0
configure:12780: result: yes
configure:12792: checking for uint32_t
configure:12792: gcc -c -g -O2  conftest.c >&5
configure:12792: $? = 0
configure:12792: result: yes
configure:12806: checking for uint64_t
configure:12806: gcc -c -g -O2  conftest.c >&5
configure:12806: $? = 0
configure:12806: result: yes
configure:12820: checking for uint8_t
configure:12820: gcc -c -g -O2  conftest.c >&5
configure:12820: $? = 0
configure:12820: result: yes
configure:12838: checking vfork.h usability
configure:12838: gcc -c -g -O2  conftest.c >&5
conftest.c:60:19: fatal error: vfork.h: No such file or directory
 #include <vfork.h>
                   ^
compilation terminated.
configure:12838: $? = 1
configure: failed program was:
| /* confdefs.h */
| #define PACKAGE_NAME "buxton"
| #define PACKAGE_TARNAME "buxton"
| #define PACKAGE_VERSION "2"
| #define PACKAGE_STRING "buxton 2"
| #define PACKAGE_BUGREPORT "william.douglas@intel.com"
| #define PACKAGE_URL "https://github.com/sofar/buxton"
| #define PACKAGE "buxton"
| #define VERSION "2"
| #define STDC_HEADERS 1
| #define HAVE_SYS_TYPES_H 1
| #define HAVE_SYS_STAT_H 1
| #define HAVE_STDLIB_H 1
| #define HAVE_STRING_H 1
| #define HAVE_MEMORY_H 1
| #define HAVE_STRINGS_H 1
| #define HAVE_INTTYPES_H 1
| #define HAVE_STDINT_H 1
| #define HAVE_UNISTD_H 1
| #define HAVE_DLFCN_H 1
| #define LT_OBJDIR ".libs/"
| #define HAVE_LIBDL 1
| #define HAVE_LIBGDBM 1
| #define HAVE_LIBRT 1
| #define HAVE_LIBM 1
| /* end confdefs.h.  */
| #include <stdio.h>
| #ifdef HAVE_SYS_TYPES_H
| # include <sys/types.h>
| #endif
| #ifdef HAVE_SYS_STAT_H
| # include <sys/stat.h>
| #endif
| #ifdef STDC_HEADERS
| # include <stdlib.h>
| # include <stddef.h>
| #else
| # ifdef HAVE_STDLIB_H
| #  include <stdlib.h>
| # endif
| #endif
| #ifdef HAVE_STRING_H
| # if !defined STDC_HEADERS && defined HAVE_MEMORY_H
| #  include <memory.h>
| # endif
| # include <string.h>
| #endif
| #ifdef HAVE_STRINGS_H
| # include <strings.h>
| #endif
| #ifdef HAVE_INTTYPES_H
| # include <inttypes.h>
| #endif
| #ifdef HAVE_STDINT_H
| # include <stdint.h>
| #endif
| #ifdef HAVE_UNISTD_H
| # include <unistd.h>
| #endif
| #include <vfork.h>
configure:12838: result: no
configure:12838: checking vfork.h presence
configure:12838: gcc -E  conftest.c
conftest.c:27:19: fatal error: vfork.h: No such file or directory
 #include <vfork.h>
                   ^
compilation terminated.
configure:12838: $? = 1
configure: failed program was:
| /* confdefs.h */
| #define PACKAGE_NAME "buxton"
| #define PACKAGE_TARNAME "buxton"
| #define PACKAGE_VERSION "2"
| #define PACKAGE_STRING "buxton 2"
| #define PACKAGE_BUGREPORT "william.douglas@intel.com"
| #define PACKAGE_URL "https://github.com/sofar/buxton"
| #define PACKAGE "buxton"
| #define VERSION "2"
| #define STDC_HEADERS 1
| #define HAVE_SYS_TYPES_H 1
| #define HAVE_SYS_STAT_H 1
| #define HAVE_STDLIB_H 1
| #define HAVE_STRING_H 1
| #define HAVE_MEMORY_H 1
| #define HAVE_STRINGS_H 1
| #define HAVE_INTTYPES_H 1
| #define HAVE_STDINT_H 1
| #define HAVE_UNISTD_H 1
| #define HAVE_DLFCN_H 1
| #define LT_OBJDIR ".libs/"
| #define HAVE_LIBDL 1
| #define HAVE_LIBGDBM 1
| #define HAVE_LIBRT 1
| #define HAVE_LIBM 1
| /* end confdefs.h.  */
| #include <vfork.h>
configure:12838: result: no
configure:12838: checking for vfork.h
configure:12838: result: no
configure:12851: checking for fork
configure:12851: gcc -o conftest -g -O2   conftest.c -lm -lrt -lgdbm -ldl  >&5
conftest.c:50:6: warning: conflicting types for built-in function 'fork' [enabled by default]
 char fork ();
      ^
configure:12851: $? = 0
configure:12851: result: yes
configure:12851: checking for vfork
configure:12851: gcc -o conftest -g -O2   conftest.c -lm -lrt -lgdbm -ldl  >&5
configure:12851: $? = 0
configure:12851: result: yes
configure:12861: checking for working fork
configure:12883: gcc -o conftest -g -O2   conftest.c -lm -lrt -lgdbm -ldl  >&5
configure:12883: $? = 0
configure:12883: ./conftest
configure:12883: $? = 0
configure:12893: result: yes
configure:12914: checking for working vfork
configure:13024: result: yes
configure:13051: checking for stdlib.h
configure:13051: result: yes
configure:13061: checking for GNU libc compatible malloc
configure:13085: gcc -o conftest -g -O2   conftest.c -lm -lrt -lgdbm -ldl  >&5
configure:13085: $? = 0
configure:13085: ./conftest
configure:13085: $? = 0
configure:13095: result: yes
configure:13118: checking for stdlib.h
configure:13118: result: yes
configure:13128: checking for GNU libc compatible realloc
configure:13152: gcc -o conftest -g -O2   conftest.c -lm -lrt -lgdbm -ldl  >&5
configure:13152: $? = 0
configure:13152: ./conftest
configure:13152: $? = 0
configure:13162: result: yes
configure:13183: checking for working strtod
configure:13224: gcc -o conftest -g -O2   conftest.c -lm -lrt -lgdbm -ldl  >&5
configure:13224: $? = 0
configure:13224: ./conftest
configure:13224: $? = 0
configure:13234: result: yes
configure:13298: checking for atexit
configure:13298: gcc -o conftest -g -O2   conftest.c -lm -lrt -lgdbm -ldl  >&5
configure:13298: $? = 0
configure:13298: result: yes
configure:13309: checking for memmove
configure:13309: gcc -o conftest -g -O2   conftest.c -lm -lrt -lgdbm -ldl  >&5
conftest.c:59:6: warning: conflicting types for built-in function 'memmove' [enabled by default]
 char memmove ();
      ^
configure:13309: $? = 0
configure:13309: result: yes
configure:13320: checking for memset
configure:13320: gcc -o conftest -g -O2   conftest.c -lm -lrt -lgdbm -ldl  >&5
conftest.c:60:6: warning: conflicting types for built-in function 'memset' [enabled by default]
 char memset ();
      ^
configure:13320: $? = 0
configure:13320: result: yes
configure:13331: checking for socket
configure:13331: gcc -o conftest -g -O2   conftest.c -lm -lrt -lgdbm -ldl  >&5
configure:13331: $? = 0
configure:13331: result: yes
configure:13342: checking for strchr
configure:13342: gcc -o conftest -g -O2   conftest.c -lm -lrt -lgdbm -ldl  >&5
conftest.c:62:6: warning: conflicting types for built-in function 'strchr' [enabled by default]
 char strchr ();
      ^
configure:13342: $? = 0
configure:13342: result: yes
configure:13353: checking for strdup
configure:13353: gcc -o conftest -g -O2   conftest.c -lm -lrt -lgdbm -ldl  >&5
conftest.c:63:6: warning: conflicting types for built-in function 'strdup' [enabled by default]
 char strdup ();
      ^
configure:13353: $? = 0
configure:13353: result: yes
configure:13364: checking for strndup
configure:13364: gcc -o conftest -g -O2   conftest.c -lm -lrt -lgdbm -ldl  >&5
conftest.c:64:6: warning: conflicting types for built-in function 'strndup' [enabled by default]
 char strndup ();
      ^
configure:13364: $? = 0
configure:13364: result: yes
configure:13375: checking for strtol
configure:13375: gcc -o conftest -g -O2   conftest.c -lm -lrt -lgdbm -ldl  >&5
configure:13375: $? = 0
configure:13375: result: yes
configure:13387: checking for __secure_getenv
configure:13387: gcc -o conftest -g -O2   conftest.c -lm -lrt -lgdbm -ldl  >&5
/tmp/ccWAFxpq.o: In function `main':
/home/michelle/buxton/conftest.c:77: undefined reference to `__secure_getenv'
collect2: error: ld returned 1 exit status
configure:13387: $? = 1
configure: failed program was:
| /* confdefs.h */
| #define PACKAGE_NAME "buxton"
| #define PACKAGE_TARNAME "buxton"
| #define PACKAGE_VERSION "2"
| #define PACKAGE_STRING "buxton 2"
| #define PACKAGE_BUGREPORT "william.douglas@intel.com"
| #define PACKAGE_URL "https://github.com/sofar/buxton"
| #define PACKAGE "buxton"
| #define VERSION "2"
| #define STDC_HEADERS 1
| #define HAVE_SYS_TYPES_H 1
| #define HAVE_SYS_STAT_H 1
| #define HAVE_STDLIB_H 1
| #define HAVE_STRING_H 1
| #define HAVE_MEMORY_H 1
| #define HAVE_STRINGS_H 1
| #define HAVE_INTTYPES_H 1
| #define HAVE_STDINT_H 1
| #define HAVE_UNISTD_H 1
| #define HAVE_DLFCN_H 1
| #define LT_OBJDIR ".libs/"
| #define HAVE_LIBDL 1
| #define HAVE_LIBGDBM 1
| #define HAVE_LIBRT 1
| #define HAVE_LIBM 1
| #define HAVE_FORK 1
| #define HAVE_VFORK 1
| #define HAVE_WORKING_VFORK 1
| #define HAVE_WORKING_FORK 1
| #define HAVE_STDLIB_H 1
| #define HAVE_MALLOC 1
| #define HAVE_STDLIB_H 1
| #define HAVE_REALLOC 1
| #define HAVE_ATEXIT 1
| #define HAVE_MEMMOVE 1
| #define HAVE_MEMSET 1
| #define HAVE_SOCKET 1
| #define HAVE_STRCHR 1
| #define HAVE_STRDUP 1
| #define HAVE_STRNDUP 1
| #define HAVE_STRTOL 1
| /* end confdefs.h.  */
| /* Define __secure_getenv to an innocuous variant, in case <limits.h> declares __secure_getenv.
|    For example, HP-UX 11i <limits.h> declares gettimeofday.  */
| #define __secure_getenv innocuous___secure_getenv
| 
| /* System header to define __stub macros and hopefully few prototypes,
|     which can conflict with char __secure_getenv (); below.
|     Prefer <limits.h> to <assert.h> if __STDC__ is defined, since
|     <limits.h> exists even on freestanding compilers.  */
| 
| #ifdef __STDC__
| # include <limits.h>
| #else
| # include <assert.h>
| #endif
| 
| #undef __secure_getenv
| 
| /* Override any GCC internal prototype to avoid an error.
|    Use char because int might match the return type of a GCC
|    builtin and then its argument prototype would still apply.  */
| #ifdef __cplusplus
| extern "C"
| #endif
| char __secure_getenv ();
| /* The GNU C library defines this for functions which it implements
|     to always fail with ENOSYS.  Some functions are actually named
|     something starting with __ and the normal name is an alias.  */
| #if defined __stub___secure_getenv || defined __stub_____secure_getenv
| choke me
| #endif
| 
| int
| main ()
| {
| return __secure_getenv ();
|   ;
|   return 0;
| }
configure:13387: result: no
configure:13387: checking for secure_getenv
configure:13387: gcc -o conftest -g -O2   conftest.c -lm -lrt -lgdbm -ldl  >&5
configure:13387: $? = 0
configure:13387: result: yes
configure:13397: checking whether preprocessor supports #pragma once
configure:13410: gcc -E  conftest.c
conftest.c:44:9: warning: #pragma once in main file [enabled by default]
 #pragma once
         ^
configure:13410: $? = 0
configure:13412: result: yes
configure:13484: checking for pkg-config
configure:13502: found /usr/bin/pkg-config
configure:13514: result: /usr/bin/pkg-config
configure:13539: checking pkg-config is at least version 0.9.0
configure:13542: result: yes
configure:13552: checking for CHECK
configure:13559: $PKG_CONFIG --exists --print-errors "check"
configure:13562: $? = 0
configure:13576: $PKG_CONFIG --exists --print-errors "check"
configure:13579: $? = 0
configure:13637: result: yes
configure:13643: checking for SYSTEMD
configure:13650: $PKG_CONFIG --exists --print-errors "libsystemd-daemon"
configure:13653: $? = 0
configure:13667: $PKG_CONFIG --exists --print-errors "libsystemd-daemon"
configure:13670: $? = 0
configure:13728: result: yes
configure:13736: checking for working alloca.h
configure:13753: gcc -o conftest -g -O2   conftest.c -lm -lrt -lgdbm -ldl  >&5
configure:13753: $? = 0
configure:13761: result: yes
configure:13769: checking for alloca
configure:13806: gcc -o conftest -g -O2   conftest.c -lm -lrt -lgdbm -ldl  >&5
configure:13806: $? = 0
configure:13814: result: yes
configure:13920: checking for stdbool.h that conforms to C99
configure:13987: gcc -c -g -O2  conftest.c >&5
configure:13987: $? = 0
configure:13994: result: yes
configure:13996: checking for _Bool
configure:13996: gcc -c -g -O2  conftest.c >&5
configure:13996: $? = 0
configure:13996: gcc -c -g -O2  conftest.c >&5
conftest.c: In function 'main':
conftest.c:83:20: error: expected expression before ')' token
 if (sizeof ((_Bool)))
                    ^
configure:13996: $? = 1
configure: failed program was:
| /* confdefs.h */
| #define PACKAGE_NAME "buxton"
| #define PACKAGE_TARNAME "buxton"
| #define PACKAGE_VERSION "2"
| #define PACKAGE_STRING "buxton 2"
| #define PACKAGE_BUGREPORT "william.douglas@intel.com"
| #define PACKAGE_URL "https://github.com/sofar/buxton"
| #define PACKAGE "buxton"
| #define VERSION "2"
| #define STDC_HEADERS 1
| #define HAVE_SYS_TYPES_H 1
| #define HAVE_SYS_STAT_H 1
| #define HAVE_STDLIB_H 1
| #define HAVE_STRING_H 1
| #define HAVE_MEMORY_H 1
| #define HAVE_STRINGS_H 1
| #define HAVE_INTTYPES_H 1
| #define HAVE_STDINT_H 1
| #define HAVE_UNISTD_H 1
| #define HAVE_DLFCN_H 1
| #define LT_OBJDIR ".libs/"
| #define HAVE_LIBDL 1
| #define HAVE_LIBGDBM 1
| #define HAVE_LIBRT 1
| #define HAVE_LIBM 1
| #define HAVE_FORK 1
| #define HAVE_VFORK 1
| #define HAVE_WORKING_VFORK 1
| #define HAVE_WORKING_FORK 1
| #define HAVE_STDLIB_H 1
| #define HAVE_MALLOC 1
| #define HAVE_STDLIB_H 1
| #define HAVE_REALLOC 1
| #define HAVE_ATEXIT 1
| #define HAVE_MEMMOVE 1
| #define HAVE_MEMSET 1
| #define HAVE_SOCKET 1
| #define HAVE_STRCHR 1
| #define HAVE_STRDUP 1
| #define HAVE_STRNDUP 1
| #define HAVE_STRTOL 1
| #define HAVE_SECURE_GETENV 1
| #define HAVE_PRAGMA_ONCE 1
| #define HAVE_ALLOCA_H 1
| #define HAVE_ALLOCA 1
| /* end confdefs.h.  */
| #include <stdio.h>
| #ifdef HAVE_SYS_TYPES_H
| # include <sys/types.h>
| #endif
| #ifdef HAVE_SYS_STAT_H
| # include <sys/stat.h>
| #endif
| #ifdef STDC_HEADERS
| # include <stdlib.h>
| # include <stddef.h>
| #else
| # ifdef HAVE_STDLIB_H
| #  include <stdlib.h>
| # endif
| #endif
| #ifdef HAVE_STRING_H
| # if !defined STDC_HEADERS && defined HAVE_MEMORY_H
| #  include <memory.h>
| # endif
| # include <string.h>
| #endif
| #ifdef HAVE_STRINGS_H
| # include <strings.h>
| #endif
| #ifdef HAVE_INTTYPES_H
| # include <inttypes.h>
| #endif
| #ifdef HAVE_STDINT_H
| # include <stdint.h>
| #endif
| #ifdef HAVE_UNISTD_H
| # include <unistd.h>
| #endif
| int
| main ()
| {
| if (sizeof ((_Bool)))
| 	    return 0;
|   ;
|   return 0;
| }
configure:13996: result: yes
configure:14015: checking attr/xattr.h usability
configure:14015: gcc -c -g -O2  conftest.c >&5
configure:14015: $? = 0
configure:14015: result: yes
configure:14015: checking attr/xattr.h presence
configure:14015: gcc -E  conftest.c
configure:14015: $? = 0
configure:14015: result: yes
configure:14015: checking for attr/xattr.h
configure:14015: result: yes
configure:14029: checking fcntl.h usability
configure:14029: gcc -c -g -O2  conftest.c >&5
configure:14029: $? = 0
configure:14029: result: yes
configure:14029: checking fcntl.h presence
configure:14029: gcc -E  conftest.c
configure:14029: $? = 0
configure:14029: result: yes
configure:14029: checking for fcntl.h
configure:14029: result: yes
configure:14041: checking gdbm.h usability
configure:14041: gcc -c -g -O2  conftest.c >&5
configure:14041: $? = 0
configure:14041: result: yes
configure:14041: checking gdbm.h presence
configure:14041: gcc -E  conftest.c
configure:14041: $? = 0
configure:14041: result: yes
configure:14041: checking for gdbm.h
configure:14041: result: yes
configure:14055: checking for inttypes.h
configure:14055: result: yes
configure:14067: checking limits.h usability
configure:14067: gcc -c -g -O2  conftest.c >&5
configure:14067: $? = 0
configure:14067: result: yes
configure:14067: checking limits.h presence
configure:14067: gcc -E  conftest.c
configure:14067: $? = 0
configure:14067: result: yes
configure:14067: checking for limits.h
configure:14067: result: yes
configure:14079: checking locale.h usability
configure:14079: gcc -c -g -O2  conftest.c >&5
configure:14079: $? = 0
configure:14079: result: yes
configure:14079: checking locale.h presence
configure:14079: gcc -E  conftest.c
configure:14079: $? = 0
configure:14079: result: yes
configure:14079: checking for locale.h
configure:14079: result: yes
configure:14091: checking malloc.h usability
configure:14091: gcc -c -g -O2  conftest.c >&5
configure:14091: $? = 0
configure:14091: result: yes
configure:14091: checking malloc.h presence
configure:14091: gcc -E  conftest.c
configure:14091: $? = 0
configure:14091: result: yes
configure:14091: checking for malloc.h
configure:14091: result: yes
configure:14103: checking stddef.h usability
configure:14103: gcc -c -g -O2  conftest.c >&5
configure:14103: $? = 0
configure:14103: result: yes
configure:14103: checking stddef.h presence
configure:14103: gcc -E  conftest.c
configure:14103: $? = 0
configure:14103: result: yes
configure:14103: checking for stddef.h
configure:14103: result: yes
configure:14115: checking for stdint.h
configure:14115: result: yes
configure:14127: checking for stdlib.h
configure:14127: result: yes
configure:14139: checking for string.h
configure:14139: result: yes
configure:14151: checking time.h usability
configure:14151: gcc -c -g -O2  conftest.c >&5
configure:14151: $? = 0
configure:14151: result: yes
configure:14151: checking time.h presence
configure:14151: gcc -E  conftest.c
configure:14151: $? = 0
configure:14151: result: yes
configure:14151: checking for time.h
configure:14151: result: yes
configure:14163: checking math.h usability
configure:14163: gcc -c -g -O2  conftest.c >&5
configure:14163: $? = 0
configure:14163: result: yes
configure:14163: checking math.h presence
configure:14163: gcc -E  conftest.c
configure:14163: $? = 0
configure:14163: result: yes
configure:14163: checking for math.h
configure:14163: result: yes
configure:14175: checking pthread.h usability
configure:14175: gcc -c -g -O2  conftest.c >&5
configure:14175: $? = 0
configure:14175: result: yes
configure:14175: checking pthread.h presence
configure:14175: gcc -E  conftest.c
configure:14175: $? = 0
configure:14175: result: yes
configure:14175: checking for pthread.h
configure:14175: result: yes
configure:14187: checking sys/param.h usability
configure:14187: gcc -c -g -O2  conftest.c >&5
configure:14187: $? = 0
configure:14187: result: yes
configure:14187: checking sys/param.h presence
configure:14187: gcc -E  conftest.c
configure:14187: $? = 0
configure:14187: result: yes
configure:14187: checking for sys/param.h
configure:14187: result: yes
configure:14199: checking sys/signalfd.h usability
configure:14199: gcc -c -g -O2  conftest.c >&5
configure:14199: $? = 0
configure:14199: result: yes
configure:14199: checking sys/signalfd.h presence
configure:14199: gcc -E  conftest.c
configure:14199: $? = 0
configure:14199: result: yes
configure:14199: checking for sys/signalfd.h
configure:14199: result: yes
configure:14211: checking sys/socket.h usability
configure:14211: gcc -c -g -O2  conftest.c >&5
configure:14211: $? = 0
configure:14211: result: yes
configure:14211: checking sys/socket.h presence
configure:14211: gcc -E  conftest.c
configure:14211: $? = 0
configure:14211: result: yes
configure:14211: checking for sys/socket.h
configure:14211: result: yes
configure:14223: checking for sys/stat.h
configure:14223: result: yes
configure:14235: checking sys/time.h usability
configure:14235: gcc -c -g -O2  conftest.c >&5
configure:14235: $? = 0
configure:14235: result: yes
configure:14235: checking sys/time.h presence
configure:14235: gcc -E  conftest.c
configure:14235: $? = 0
configure:14235: result: yes
configure:14235: checking for sys/time.h
configure:14235: result: yes
configure:14247: checking for unistd.h
configure:14247: result: yes
configure:14259: checking linux/inotify.h usability
configure:14259: gcc -c -g -O2  conftest.c >&5
configure:14259: $? = 0
configure:14259: result: yes
configure:14259: checking linux/inotify.h presence
configure:14259: gcc -E  conftest.c
configure:14259: $? = 0
configure:14259: result: yes
configure:14259: checking for linux/inotify.h
configure:14259: result: yes
configure:14269: checking for inotify_init
configure:14269: gcc -o conftest -g -O2   conftest.c -lm -lrt -lgdbm -ldl  >&5
configure:14269: $? = 0
configure:14269: result: yes
configure:14314: checking for INIPARSER
configure:14338: $PKG_CONFIG --exists --print-errors "iniparser >= 3.1"
Package iniparser was not found in the pkg-config search path.
Perhaps you should add the directory containing `iniparser.pc'
to the PKG_CONFIG_PATH environment variable
No package 'iniparser' found
configure:14341: $? = 1
configure:14355: result: no
No package 'iniparser' found
configure:14819: checking that generated files are newer than configure
configure:14825: result: done
configure:14880: creating ./config.status

## ---------------------- ##
## Running config.status. ##
## ---------------------- ##

This file was extended by buxton config.status 2, which was
generated by GNU Autoconf 2.69.  Invocation command line was

  CONFIG_FILES    = 
  CONFIG_HEADERS  = 
  CONFIG_LINKS    = 
  CONFIG_COMMANDS = 
  $ ./config.status 

on michelle-300E5E-300E4E-300E5V-300E4V

config.status:1172: creating Makefile
config.status:1172: creating data/buxton.service
config.status:1172: creating data/buxton.socket
config.status:1172: creating data/libbuxton.pc
config.status:1172: creating test/test-pass.ini
config.status:1172: creating test/test-fail.ini
config.status:1172: creating test/test.conf
config.status:1172: creating config.h
config.status:1401: executing depfiles commands
config.status:1401: executing libtool commands
config.status:1401: executing mkdir commands
configure:17136: result:
        buxton 2
        ========

        prefix:                 /usr/local
        libdir:                 ${exec_prefix}/lib
        sysconfdir:             ${prefix}/etc
        exec_prefix:            ${prefix}
        bindir:                 ${exec_prefix}/bin
        sbindir:                ${exec_prefix}/sbin
        datarootdir:            ${prefix}/share
        mandir:                 ${datarootdir}/man
        modules:                ${exec_prefix}/lib/buxton

        compiler:               gcc
        cflags:                 -g -O2
        ldflags:                

        debug:                  yes
        demos:                  no
        coverage:               no
        manpages:               yes


## ---------------- ##
## Cache variables. ##
## ---------------- ##

ac_cv_build=x86_64-unknown-linux-gnu
ac_cv_c_compiler_gnu=yes
ac_cv_c_inline=inline
ac_cv_c_int32_t=yes
ac_cv_c_int64_t=yes
ac_cv_c_uint16_t=yes
ac_cv_c_uint32_t=yes
ac_cv_c_uint64_t=yes
ac_cv_c_uint8_t=yes
ac_cv_env_CC_set=
ac_cv_env_CC_value=
ac_cv_env_CFLAGS_set=
ac_cv_env_CFLAGS_value=
ac_cv_env_CHECK_CFLAGS_set=
ac_cv_env_CHECK_CFLAGS_value=
ac_cv_env_CHECK_LIBS_set=
ac_cv_env_CHECK_LIBS_value=
ac_cv_env_CPPFLAGS_set=
ac_cv_env_CPPFLAGS_value=
ac_cv_env_CPP_set=
ac_cv_env_CPP_value=
ac_cv_env_GTK3_CFLAGS_set=
ac_cv_env_GTK3_CFLAGS_value=
ac_cv_env_GTK3_LIBS_set=
ac_cv_env_GTK3_LIBS_value=
ac_cv_env_INIPARSER_CFLAGS_set=
ac_cv_env_INIPARSER_CFLAGS_value=
ac_cv_env_INIPARSER_LIBS_set=
ac_cv_env_INIPARSER_LIBS_value=
ac_cv_env_LDFLAGS_set=
ac_cv_env_LDFLAGS_value=
ac_cv_env_LIBS_set=
ac_cv_env_LIBS_value=
ac_cv_env_PKG_CONFIG_LIBDIR_set=
ac_cv_env_PKG_CONFIG_LIBDIR_value=
ac_cv_env_PKG_CONFIG_PATH_set=
ac_cv_env_PKG_CONFIG_PATH_value=
ac_cv_env_PKG_CONFIG_set=
ac_cv_env_PKG_CONFIG_value=
ac_cv_env_SYSTEMD_CFLAGS_set=
ac_cv_env_SYSTEMD_CFLAGS_value=
ac_cv_env_SYSTEMD_LIBS_set=
ac_cv_env_SYSTEMD_LIBS_value=
ac_cv_env_build_alias_set=
ac_cv_env_build_alias_value=
ac_cv_env_host_alias_set=
ac_cv_env_host_alias_value=
ac_cv_env_target_alias_set=
ac_cv_env_target_alias_value=
ac_cv_func___secure_getenv=no
ac_cv_func_alloca_works=yes
ac_cv_func_atexit=yes
ac_cv_func_fork=yes
ac_cv_func_fork_works=yes
ac_cv_func_inotify_init=yes
ac_cv_func_malloc_0_nonnull=yes
ac_cv_func_memmove=yes
ac_cv_func_memset=yes
ac_cv_func_realloc_0_nonnull=yes
ac_cv_func_secure_getenv=yes
ac_cv_func_socket=yes
ac_cv_func_strchr=yes
ac_cv_func_strdup=yes
ac_cv_func_strndup=yes
ac_cv_func_strtod=yes
ac_cv_func_strtol=yes
ac_cv_func_vfork=yes
ac_cv_func_vfork_works=yes
ac_cv_header_attr_xattr_h=yes
ac_cv_header_dlfcn_h=yes
ac_cv_header_fcntl_h=yes
ac_cv_header_gdbm_h=yes
ac_cv_header_inttypes_h=yes
ac_cv_header_limits_h=yes
ac_cv_header_linux_inotify_h=yes
ac_cv_header_locale_h=yes
ac_cv_header_malloc_h=yes
ac_cv_header_math_h=yes
ac_cv_header_memory_h=yes
ac_cv_header_pthread_h=yes
ac_cv_header_stdbool_h=yes
ac_cv_header_stdc=yes
ac_cv_header_stddef_h=yes
ac_cv_header_stdint_h=yes
ac_cv_header_stdlib_h=yes
ac_cv_header_string_h=yes
ac_cv_header_strings_h=yes
ac_cv_header_sys_param_h=yes
ac_cv_header_sys_signalfd_h=yes
ac_cv_header_sys_socket_h=yes
ac_cv_header_sys_stat_h=yes
ac_cv_header_sys_time_h=yes
ac_cv_header_sys_types_h=yes
ac_cv_header_time_h=yes
ac_cv_header_unistd_h=yes
ac_cv_header_vfork_h=no
ac_cv_host=x86_64-unknown-linux-gnu
ac_cv_lib_dl_dlopen=yes
ac_cv_lib_gdbm_gdbm_open=yes
ac_cv_lib_m_sqrt=yes
ac_cv_lib_rt_clock_gettime=yes
ac_cv_objext=o
ac_cv_path_EGREP='/bin/grep -E'
ac_cv_path_FGREP='/bin/grep -F'
ac_cv_path_GREP=/bin/grep
ac_cv_path_SED=/bin/sed
ac_cv_path_ac_pt_PKG_CONFIG=/usr/bin/pkg-config
ac_cv_path_install='/usr/bin/install -c'
ac_cv_path_mkdir=/bin/mkdir
ac_cv_prog_AWK=mawk
ac_cv_prog_CPP='gcc -E'
ac_cv_prog_ac_ct_AR=ar
ac_cv_prog_ac_ct_CC=gcc
ac_cv_prog_ac_ct_MANIFEST_TOOL=mt
ac_cv_prog_ac_ct_OBJDUMP=objdump
ac_cv_prog_ac_ct_RANLIB=ranlib
ac_cv_prog_ac_ct_STRIP=strip
ac_cv_prog_cc_c89=
ac_cv_prog_cc_g=yes
ac_cv_prog_make_make_set=yes
ac_cv_type__Bool=yes
ac_cv_type_pid_t=yes
ac_cv_type_size_t=yes
ac_cv_type_ssize_t=yes
ac_cv_type_uid_t=yes
ac_cv_working_alloca_h=yes
am_cv_CC_dependencies_compiler_type=gcc3
am_cv_make_support_nested_variables=yes
am_cv_prog_cc_c_o=yes
lt_cv_ar_at_file=@
lt_cv_archive_cmds_need_lc=no
lt_cv_deplibs_check_method=pass_all
lt_cv_file_magic_cmd='$MAGIC_CMD'
lt_cv_file_magic_test_file=
lt_cv_ld_reload_flag=-r
lt_cv_nm_interface='BSD nm'
lt_cv_objdir=.libs
lt_cv_path_LD=/usr/bin/ld
lt_cv_path_NM='/usr/bin/nm -B'
lt_cv_path_mainfest_tool=no
lt_cv_prog_compiler_c_o=yes
lt_cv_prog_compiler_pic='-fPIC -DPIC'
lt_cv_prog_compiler_pic_works=yes
lt_cv_prog_compiler_rtti_exceptions=no
lt_cv_prog_compiler_static_works=yes
lt_cv_prog_gnu_ld=yes
lt_cv_sharedlib_from_linklib_cmd='printf %s\n'
lt_cv_shlibpath_overrides_runpath=no
lt_cv_sys_global_symbol_pipe='sed -n -e '\''s/^.*[	 ]\([ABCDGIRSTW][ABCDGIRSTW]*\)[	 ][	 ]*\([_A-Za-z][_A-Za-z0-9]*\)$/\1 \2 \2/p'\'' | sed '\''/ __gnu_lto/d'\'''
lt_cv_sys_global_symbol_to_c_name_address='sed -n -e '\''s/^: \([^ ]*\)[ ]*$/  {\"\1\", (void *) 0},/p'\'' -e '\''s/^[ABCDGIRSTW]* \([^ ]*\) \([^ ]*\)$/  {"\2", (void *) \&\2},/p'\'''
lt_cv_sys_global_symbol_to_c_name_address_lib_prefix='sed -n -e '\''s/^: \([^ ]*\)[ ]*$/  {\"\1\", (void *) 0},/p'\'' -e '\''s/^[ABCDGIRSTW]* \([^ ]*\) \(lib[^ ]*\)$/  {"\2", (void *) \&\2},/p'\'' -e '\''s/^[ABCDGIRSTW]* \([^ ]*\) \([^ ]*\)$/  {"lib\2", (void *) \&\2},/p'\'''
lt_cv_sys_global_symbol_to_cdecl='sed -n -e '\''s/^T .* \(.*\)$/extern int \1();/p'\'' -e '\''s/^[ABCDGIRSTW]* .* \(.*\)$/extern char \1;/p'\'''
lt_cv_sys_max_cmd_len=1572864
lt_cv_to_host_file_cmd=func_convert_file_noop
lt_cv_to_tool_file_cmd=func_convert_file_noop
pkg_cv_CHECK_CFLAGS='-pthread  '
pkg_cv_CHECK_LIBS='-pthread -lcheck_pic -lrt -lm  '
pkg_cv_INIPARSER_CFLAGS=-I./src/shared/
pkg_cv_SYSTEMD_CFLAGS=' '
pkg_cv_SYSTEMD_LIBS='-lsystemd-daemon  '

## ----------------- ##
## Output variables. ##
## ----------------- ##

ACLOCAL='${SHELL} /home/michelle/buxton/missing aclocal-1.14'
ALLOCA=''
AMDEPBACKSLASH='\'
AMDEP_FALSE='#'
AMDEP_TRUE=''
AMTAR='$${TAR-tar}'
AM_BACKSLASH='\'
AM_DEFAULT_V='$(AM_DEFAULT_VERBOSITY)'
AM_DEFAULT_VERBOSITY='1'
AM_V='$(V)'
AR='ar'
AUTOCONF='${SHELL} /home/michelle/buxton/missing autoconf'
AUTOHEADER='${SHELL} /home/michelle/buxton/missing autoheader'
AUTOMAKE='${SHELL} /home/michelle/buxton/missing automake-1.14'
AWK='mawk'
BUILD_DEMOS_FALSE=''
BUILD_DEMOS_TRUE='#'
BUILD_GTK_DEMO_FALSE=''
BUILD_GTK_DEMO_TRUE='#'
BUXTON_SOCKET='/run/buxton-0'
BUXTON_USERNAME='buxton'
CC='gcc'
CCDEPMODE='depmode=gcc3'
CFLAGS='-g -O2'
CHECK_CFLAGS='-pthread  '
CHECK_LIBS='-pthread -lcheck_pic -lrt -lm  '
CONFPATH='${prefix}/etc/buxton.conf'
COVERAGE_FALSE=''
COVERAGE_TRUE='#'
CPP='gcc -E'
CPPFLAGS=''
CYGPATH_W='echo'
DB_PATH='${prefix}/var/lib/buxton'
DEBUG_FALSE='#'
DEBUG_TRUE=''
DEFS='-DHAVE_CONFIG_H'
DEPDIR='.deps'
DLLTOOL='false'
DSYMUTIL=''
DUMPBIN=''
ECHO_C=''
ECHO_N='-n'
ECHO_T=''
EGREP='/bin/grep -E'
EXEEXT=''
FGREP='/bin/grep -F'
GREP='/bin/grep'
GTK3_CFLAGS=''
GTK3_LIBS=''
INIPARSER_CFLAGS='-I./src/shared/'
INIPARSER_LIBS=''
INSTALL_DATA='${INSTALL} -m 644'
INSTALL_PROGRAM='${INSTALL}'
INSTALL_SCRIPT='${INSTALL}'
INSTALL_STRIP_PROGRAM='$(install_sh) -c -s'
LD='/usr/bin/ld -m elf_x86_64'
LDFLAGS=''
LIBOBJS=''
LIBS='-lm -lrt -lgdbm -ldl '
LIBTOOL='$(SHELL) $(top_builddir)/libtool'
LIPO=''
LN_S='ln -s'
LTLIBOBJS=''
MAKEINFO='${SHELL} /home/michelle/buxton/missing makeinfo'
MANIFEST_TOOL=':'
MANPAGE_FALSE='#'
MANPAGE_TRUE=''
MKDIR_P='/bin/mkdir -p'
MODULEDIR='${exec_prefix}/lib/buxton'
NM='/usr/bin/nm -B'
NMEDIT=''
OBJDUMP='objdump'
OBJEXT='o'
OTOOL64=''
OTOOL=''
PACKAGE='buxton'
PACKAGE_BUGREPORT='william.douglas@intel.com'
PACKAGE_NAME='buxton'
PACKAGE_STRING='buxton 2'
PACKAGE_TARNAME='buxton'
PACKAGE_URL='https://github.com/sofar/buxton'
PACKAGE_VERSION='2'
PATH_SEPARATOR=':'
PKG_CONFIG='/usr/bin/pkg-config'
PKG_CONFIG_LIBDIR=''
PKG_CONFIG_PATH=''
POW_LIB=''
RANLIB='ranlib'
SED='/bin/sed'
SET_MAKE=''
SHELL='/bin/bash'
SMACK_LOAD_FILE='/sys/fs/smackfs/load2'
STRIP='strip'
SYSTEMD_CFLAGS=' '
SYSTEMD_FALSE=''
SYSTEMD_LIBS='-lsystemd-daemon  '
SYSTEMD_SYSTEMUNITDIR=''
SYSTEMD_TRUE='#'
USE_LOCAL_INIPARSER_FALSE='#'
USE_LOCAL_INIPARSER_TRUE=''
VERSION='2'
ac_ct_AR='ar'
ac_ct_CC='gcc'
ac_ct_DUMPBIN=''
am__EXEEXT_FALSE=''
am__EXEEXT_TRUE='#'
am__fastdepCC_FALSE='#'
am__fastdepCC_TRUE=''
am__include='include'
am__isrc=''
am__leading_dot='.'
am__nodep='_no'
am__quote=''
am__tar='$${TAR-tar} chof - "$$tardir"'
am__untar='$${TAR-tar} xf -'
bindir='${exec_prefix}/bin'
build='x86_64-unknown-linux-gnu'
build_alias=''
build_cpu='x86_64'
build_os='linux-gnu'
build_vendor='unknown'
datadir='${datarootdir}'
datarootdir='${prefix}/share'
docdir='${datarootdir}/doc/${PACKAGE_TARNAME}'
dvidir='${docdir}'
exec_prefix='${prefix}'
host='x86_64-unknown-linux-gnu'
host_alias=''
host_cpu='x86_64'
host_os='linux-gnu'
host_vendor='unknown'
htmldir='${docdir}'
includedir='${prefix}/include'
infodir='${datarootdir}/info'
install_sh='${SHELL} /home/michelle/buxton/install-sh'
lcov_found=''
libdir='${exec_prefix}/lib'
libexecdir='${exec_prefix}/libexec'
localedir='${datarootdir}/locale'
localstatedir='${prefix}/var'
mandir='${datarootdir}/man'
mkdir_p='$(MKDIR_P)'
oldincludedir='/usr/include'
pdfdir='${docdir}'
prefix='/usr/local'
program_transform_name='s,x,x,'
psdir='${docdir}'
sbindir='${exec_prefix}/sbin'
sharedstatedir='${prefix}/com'
sysconfdir='${prefix}/etc'
target_alias=''

## ----------- ##
## confdefs.h. ##
## ----------- ##

/* confdefs.h */
#define PACKAGE_NAME "buxton"
#define PACKAGE_TARNAME "buxton"
#define PACKAGE_VERSION "2"
#define PACKAGE_STRING "buxton 2"
#define PACKAGE_BUGREPORT "william.douglas@intel.com"
#define PACKAGE_URL "https://github.com/sofar/buxton"
#define PACKAGE "buxton"
#define VERSION "2"
#define STDC_HEADERS 1
#define HAVE_SYS_TYPES_H 1
#define HAVE_SYS_STAT_H 1
#define HAVE_STDLIB_H 1
#define HAVE_STRING_H 1
#define HAVE_MEMORY_H 1
#define HAVE_STRINGS_H 1
#define HAVE_INTTYPES_H 1
#define HAVE_STDINT_H 1
#define HAVE_UNISTD_H 1
#define HAVE_DLFCN_H 1
#define LT_OBJDIR ".libs/"
#define HAVE_LIBDL 1
#define HAVE_LIBGDBM 1
#define HAVE_LIBRT 1
#define HAVE_LIBM 1
#define HAVE_FORK 1
#define HAVE_VFORK 1
#define HAVE_WORKING_VFORK 1
#define HAVE_WORKING_FORK 1
#define HAVE_STDLIB_H 1
#define HAVE_MALLOC 1
#define HAVE_STDLIB_H 1
#define HAVE_REALLOC 1
#define HAVE_ATEXIT 1
#define HAVE_MEMMOVE 1
#define HAVE_MEMSET 1
#define HAVE_SOCKET 1
#define HAVE_STRCHR 1
#define HAVE_STRDUP 1
#define HAVE_STRNDUP 1
#define HAVE_STRTOL 1
#define HAVE_SECURE_GETENV 1
#define HAVE_PRAGMA_ONCE 1
#define HAVE_ALLOCA_H 1
#define HAVE_ALLOCA 1
#define HAVE__BOOL 1
#define HAVE_STDBOOL_H 1
#define HAVE_ATTR_XATTR_H 1
#define HAVE_FCNTL_H 1
#define HAVE_GDBM_H 1
#define HAVE_INTTYPES_H 1
#define HAVE_LIMITS_H 1
#define HAVE_LOCALE_H 1
#define HAVE_MALLOC_H 1
#define HAVE_STDDEF_H 1
#define HAVE_STDINT_H 1
#define HAVE_STDLIB_H 1
#define HAVE_STRING_H 1
#define HAVE_TIME_H 1
#define HAVE_MATH_H 1
#define HAVE_PTHREAD_H 1
#define HAVE_SYS_PARAM_H 1
#define HAVE_SYS_SIGNALFD_H 1
#define HAVE_SYS_SOCKET_H 1
#define HAVE_SYS_STAT_H 1
#define HAVE_SYS_TIME_H 1
#define HAVE_UNISTD_H 1
#define HAVE_LINUX_INOTIFY_H 1
#define DEBUG 1
#define MANPAGE 1

configure: exit 0
